d:\учёба\3 курс\1 семестр (вариант 3)\псп\лабораторные работы\lab_03\serveru\serveru\debug\serveru.pch
d:\учёба\3 курс\1 семестр (вариант 3)\псп\лабораторные работы\lab_03\serveru\serveru\debug\stdafx.obj
d:\учёба\3 курс\1 семестр (вариант 3)\псп\лабораторные работы\lab_03\serveru\serveru\debug\vc100.pdb
d:\учёба\3 курс\1 семестр (вариант 3)\псп\лабораторные работы\lab_03\serveru\serveru\debug\serveru.obj
d:\учёба\3 курс\1 семестр (вариант 3)\псп\лабораторные работы\lab_03\serveru\serveru\debug\serveru.exe.embed.manifest.res
d:\study\6\распределенные информационные системы\ris_1\serveru\serveru\debug\serveru.pch
d:\study\6\распределенные информационные системы\ris_1\serveru\serveru\debug\vc141.pdb
d:\study\6\распределенные информационные системы\ris_1\serveru\serveru\debug\vc141.idb
d:\study\6\распределенные информационные системы\ris_1\serveru\serveru\debug\stdafx.obj
d:\study\6\распределенные информационные системы\ris_1\serveru\serveru\debug\serveru.obj
d:\pasha\study\3 course\6 sem\ris\ris-6th-semester-master\ris_1\serveru\serveru\debug\serveru.pch
d:\pasha\study\3 course\6 sem\ris\ris-6th-semester-master\ris_1\serveru\serveru\debug\vc142.pdb
d:\pasha\study\3 course\6 sem\ris\ris-6th-semester-master\ris_1\serveru\serveru\debug\vc142.idb
d:\pasha\study\3 course\6 sem\ris\ris-6th-semester-master\ris_1\serveru\serveru\debug\stdafx.obj
d:\pasha\study\3 course\6 sem\ris\ris-6th-semester-master\ris_1\serveru\serveru\debug\serveru.obj
d:\study\6\распределенные информационные системы\ris_1\serveru\debug\serveru.exe
d:\study\6\распределенные информационные системы\ris_1\serveru\debug\serveru.ilk
d:\study\6\распределенные информационные системы\ris_1\serveru\debug\serveru.pdb
d:\pasha\study\3 course\6 sem\ris\ris-6th-semester-master\ris_1\serveru\debug\serveru.ilk
d:\pasha\study\3 course\6 sem\ris\ris-6th-semester-master\ris_1\serveru\debug\serveru.exe
d:\pasha\study\3 course\6 sem\ris\ris-6th-semester-master\ris_1\serveru\debug\serveru.pdb
g:\learn\6 сем\рис\labs\lab1\serveru\serveru\debug\serveru.obj
g:\learn\6 сем\рис\labs\lab1\serveru\serveru\debug\stdafx.obj
g:\learn\6 сем\рис\labs\lab1\serveru\serveru\debug\cl.command.1.tlog
g:\learn\6 сем\рис\labs\lab1\serveru\serveru\debug\cl.read.1.tlog
g:\learn\6 сем\рис\labs\lab1\serveru\serveru\debug\cl.write.1.tlog
g:\learn\6 сем\рис\labs\lab1\serveru\serveru\debug\link.command.1.tlog
g:\learn\6 сем\рис\labs\lab1\serveru\serveru\debug\link.read.1.tlog
g:\learn\6 сем\рис\labs\lab1\serveru\serveru\debug\link.write.1.tlog
g:\learn\6 сем\рис\labs\lab1\serveru\serveru\debug\rc.command.1.tlog
g:\learn\6 сем\рис\labs\lab1\serveru\serveru\debug\rc.read.1.tlog
g:\learn\6 сем\рис\labs\lab1\serveru\serveru\debug\rc.write.1.tlog
g:\learn\6 сем\рис\labs\lab1\serveru\serveru\debug\serveru.write.1.tlog
g:\learn\6 сем\рис\labs\lab1\serveru\serveru\debug\serveru.exe.embed.manifest
g:\learn\6 сем\рис\labs\lab1\serveru\serveru\debug\serveru.exe.embed.manifest.res
g:\learn\6 сем\рис\labs\lab1\serveru\serveru\debug\serveru.pch
g:\learn\6 сем\рис\labs\lab1\serveru\serveru\debug\vc100.idb
g:\learn\6 сем\рис\labs\lab1\serveru\serveru\debug\vc120.idb
g:\learn\6 сем\рис\labs\lab1\serveru\serveru\debug\vc140.idb
g:\learn\6 сем\рис\labs\lab1\serveru\serveru\debug\vc141.idb
g:\learn\6 сем\рис\labs\lab1\serveru\serveru\debug\vc142.idb
g:\learn\6 сем\рис\labs\lab1\serveru\serveru\debug\vc142.pdb
g:\learn\6 сем\рис\labs\lab1\serveru\serveru\debug\serveru_manifest.rc
g:\learn\6 сем\рис\labs\lab1\serveru\debug\serveru.pdb
g:\learn\6 сем\рис\labs\lab1\serveru\debug\serveru.exe
g:\learn\6 сем\рис\labs\lab1\serveru\debug\serveru.ilk
g:\learn\6 сем\рис\labs\lab1\serveru\serveru\debug\serveru.tlog\cl.command.1.tlog
g:\learn\6 сем\рис\labs\lab1\serveru\serveru\debug\serveru.tlog\cl.read.1.tlog
g:\learn\6 сем\рис\labs\lab1\serveru\serveru\debug\serveru.tlog\cl.write.1.tlog
g:\learn\6 сем\рис\labs\lab1\serveru\serveru\debug\serveru.tlog\link.command.1.tlog
g:\learn\6 сем\рис\labs\lab1\serveru\serveru\debug\serveru.tlog\link.delete.1.tlog
g:\learn\6 сем\рис\labs\lab1\serveru\serveru\debug\serveru.tlog\link.read.1.tlog
g:\learn\6 сем\рис\labs\lab1\serveru\serveru\debug\serveru.tlog\link.write.1.tlog
